  Tomasulo.cpp
D:\Projects\Tomasulo-Simulation\Tomasulo\Tomasulo\Instruction.h(29,19): warning C4267: 'initializing': conversion from 'size_t' to 'int', possible loss of data
  (compiling source file 'Tomasulo.cpp')
  
D:\Projects\Tomasulo-Simulation\Tomasulo\Tomasulo\Instruction.h(57,19): warning C4267: 'initializing': conversion from 'size_t' to 'int', possible loss of data
  (compiling source file 'Tomasulo.cpp')
  
D:\Projects\Tomasulo-Simulation\Tomasulo\Tomasulo\Instruction.h(65,21): warning C4267: 'initializing': conversion from 'size_t' to 'int', possible loss of data
  (compiling source file 'Tomasulo.cpp')
  
D:\Projects\Tomasulo-Simulation\Tomasulo\Tomasulo\Instruction.h(75,19): warning C4267: 'initializing': conversion from 'size_t' to 'int', possible loss of data
  (compiling source file 'Tomasulo.cpp')
  
D:\Projects\Tomasulo-Simulation\Tomasulo\Tomasulo\Instruction.h(93,19): warning C4267: 'initializing': conversion from 'size_t' to 'int', possible loss of data
  (compiling source file 'Tomasulo.cpp')
  
D:\Projects\Tomasulo-Simulation\Tomasulo\Tomasulo\Instruction.h(115,19): warning C4267: 'initializing': conversion from 'size_t' to 'int', possible loss of data
  (compiling source file 'Tomasulo.cpp')
  
D:\Projects\Tomasulo-Simulation\Tomasulo\Tomasulo\Instruction.h(137,19): warning C4267: 'initializing': conversion from 'size_t' to 'int', possible loss of data
  (compiling source file 'Tomasulo.cpp')
  
D:\Projects\Tomasulo-Simulation\Tomasulo\Tomasulo\Instruction.h(151,19): warning C4267: 'initializing': conversion from 'size_t' to 'int', possible loss of data
  (compiling source file 'Tomasulo.cpp')
  
D:\Projects\Tomasulo-Simulation\Tomasulo\Tomasulo\Tomasulo.cpp(523,56): warning C4267: '=': conversion from 'size_t' to 'int', possible loss of data
D:\Projects\Tomasulo-Simulation\Tomasulo\Tomasulo\Tomasulo.cpp(530,56): warning C4267: '=': conversion from 'size_t' to 'int', possible loss of data
D:\Projects\Tomasulo-Simulation\Tomasulo\Tomasulo\Tomasulo.cpp(653,48): warning C4267: '=': conversion from 'size_t' to 'int', possible loss of data
D:\Projects\Tomasulo-Simulation\Tomasulo\Tomasulo\Tomasulo.cpp(663,48): warning C4267: '=': conversion from 'size_t' to 'int', possible loss of data
  Tomasulo.vcxproj -> D:\Projects\Tomasulo-Simulation\Tomasulo\x64\Debug\Tomasulo.exe
